#
# A fatal error has been detected by the Java Runtime Environment:
#
#  Internal Error (javaClasses.cpp:136), pid=11324, tid=4028
#  fatal error: Invalid layout of preloaded class
#
# JRE version:  (7.0_51-b13) (build )
# Java VM: Java HotSpot(TM) 64-Bit Server VM (24.51-b03 mixed mode windows-amd64 compressed oops)
# Failed to write core dump. Minidumps are not enabled by default on client versions of Windows
#
# If you would like to submit a bug report, please visit:
#   http://bugreport.sun.com/bugreport/crash.jsp
#

---------------  T H R E A D  ---------------

Current thread (0x0000000001d6e000):  JavaThread "Unknown thread" [_thread_in_vm, id=4028, stack(0x0000000002650000,0x0000000002750000)]

Stack: [0x0000000002650000,0x0000000002750000]

---------------  P R O C E S S  ---------------

Java Threads: ( => current thread )

Other Threads:

=>0x0000000001d6e000 (exited) JavaThread "Unknown thread" [_thread_in_vm, id=4028, stack(0x0000000002650000,0x0000000002750000)]

VM state:not at safepoint (not fully initialized)

VM Mutex/Monitor currently owned by a thread: None

GC Heap History (0 events):
No events

Deoptimization events (0 events):
No events

Internal exceptions (0 events):
No events

Events (10 events):
Event: 0.011 loading class 0x0000000001dec890 done
Event: 0.011 loading class 0x0000000001dec2b0 done
Event: 0.011 loading class 0x0000000001dec290
Event: 0.011 loading class 0x0000000001df4390
Event: 0.011 loading class 0x0000000001df4390 done
Event: 0.011 loading class 0x0000000001df43c0
Event: 0.011 loading class 0x0000000001df43c0 done
Event: 0.011 loading class 0x0000000001df43f0
Event: 0.011 loading class 0x0000000001df43f0 done
Event: 0.011 loading class 0x0000000001dec290 done


Dynamic libraries:
0x000000013fd70000 - 0x000000013fda3000 	D:\__JAVA__\jdk1.7.0_51\bin\javaw.exe
0x00000000771d0000 - 0x0000000077379000 	C:\Windows\SYSTEM32\ntdll.dll
0x00000000770b0000 - 0x00000000771cf000 	C:\Windows\system32\kernel32.dll
0x000007fefcf80000 - 0x000007fefcfec000 	C:\Windows\system32\KERNELBASE.dll
0x000007fefe120000 - 0x000007fefe1fb000 	C:\Windows\system32\ADVAPI32.dll
0x000007fefd790000 - 0x000007fefd82f000 	C:\Windows\system32\msvcrt.dll
0x000007fefd830000 - 0x000007fefd84f000 	C:\Windows\SYSTEM32\sechost.dll
0x000007fefd650000 - 0x000007fefd77d000 	C:\Windows\system32\RPCRT4.dll
0x0000000076e70000 - 0x0000000076f6a000 	C:\Windows\system32\USER32.dll
0x000007fefd5e0000 - 0x000007fefd647000 	C:\Windows\system32\GDI32.dll
0x000007fefd230000 - 0x000007fefd23e000 	C:\Windows\system32\LPK.dll
0x000007fefd490000 - 0x000007fefd559000 	C:\Windows\system32\USP10.dll
0x000007fefb830000 - 0x000007fefba24000 	C:\Windows\WinSxS\amd64_microsoft.windows.common-controls_6595b64144ccf1df_6.0.7601.17514_none_fa396087175ac9ac\COMCTL32.dll
0x000007fefd560000 - 0x000007fefd5d1000 	C:\Windows\system32\SHLWAPI.dll
0x000007fefd360000 - 0x000007fefd38e000 	C:\Windows\system32\IMM32.DLL
0x000007fefe2e0000 - 0x000007fefe3e9000 	C:\Windows\system32\MSCTF.dll
0x0000000073c40000 - 0x0000000073d12000 	D:\__JAVA__\jdk1.7.0_51\jre\bin\msvcr100.dll
0x000000005ff90000 - 0x0000000060759000 	D:\__JAVA__\jdk1.7.0_51\jre\bin\server\jvm.dll
0x000007fefa340000 - 0x000007fefa349000 	C:\Windows\system32\WSOCK32.dll
0x000007fefe0d0000 - 0x000007fefe11d000 	C:\Windows\system32\WS2_32.dll
0x000007fefd780000 - 0x000007fefd788000 	C:\Windows\system32\NSI.dll
0x000007fefcea0000 - 0x000007fefcedb000 	C:\Windows\system32\WINMM.dll
0x00000000773a0000 - 0x00000000773a7000 	C:\Windows\system32\PSAPI.DLL
0x0000000073780000 - 0x000000007378f000 	D:\__JAVA__\jdk1.7.0_51\jre\bin\verify.dll
0x000000006a630000 - 0x000000006a658000 	D:\__JAVA__\jdk1.7.0_51\jre\bin\java.dll
0x000000006f040000 - 0x000000006f055000 	D:\__JAVA__\jdk1.7.0_51\jre\bin\zip.dll

VM Arguments:
jvm_args: -Dfile.encoding=UTF-8 -Xbootclasspath:D:\__JAVA__\android-sdk-windows\platforms\android-17\android.jar 
java_command: cn.cjp.weibo.test.HttpUtilTest
Launcher Type: SUN_STANDARD

Environment Variables:
JAVA_HOME=D:\__JAVA__\jdk1.7.0_51
PATH=D:/__JAVA__/jdk1.7.0_51/bin/../jre/bin/server;D:/__JAVA__/jdk1.7.0_51/bin/../jre/bin;D:/__JAVA__/jdk1.7.0_51/bin/../jre/lib/amd64;D:\__JAVA__\android-sdk-windows\platform-tools;D:\__JAVA__\android-sdk-windows\tools;D:\__JAVA__\apache-tomcat-7.0.50/bin;D:\__JAVA__\apache-maven-3.2.1/bin;D:\__JAVA__\jdk1.7.0_51/bin;D:\__JAVA__\jdk1.7.0_51/jre/bin;D:\other\other\Sybase\PowerDynamo\win32;C:\Program Files (x86)\Microsoft ASP.NET\ASP.NET Web Pages\v1.0\;C:\Program Files (x86)\Windows Kits\8.0\Windows Performance Toolkit\;D:\other\other\mysql\MySQL Utilities 1.3.5\;D:\other\other\TortoiseSVN\bin;C:\Program Files\Microsoft\Web Platform Installer\;D:\other\other\Microsoft Visual Studio\Common\Tools\WinNT;D:\other\other\Microsoft Visual Studio\Common\MSDev98\Bin;D:\other\other\Microsoft Visual Studio\Common\Tools;D:\other\other\Microsoft Visual Studio\VC98\bin;D:\other\other\AppServ\Apache2.2\bin;D:\other\other\AppServ\php5;D:\other\other\AppServ\MySQL\bin;D:\other\other\eclipse;
USERNAME=REAL
OS=Windows_NT
PROCESSOR_IDENTIFIER=Intel64 Family 6 Model 42 Stepping 7, GenuineIntel



---------------  S Y S T E M  ---------------

OS: Windows 7 , 64 bit Build 7601 Service Pack 1

CPU:total 4 (2 cores per cpu, 2 threads per core) family 6 model 42 stepping 7, cmov, cx8, fxsr, mmx, sse, sse2, sse3, ssse3, sse4.1, sse4.2, popcnt, avx, ht, tsc, tscinvbit

Memory: 4k page, physical 6233968k(3050152k free), swap 12466072k(8792836k free)

vm_info: Java HotSpot(TM) 64-Bit Server VM (24.51-b03) for windows-amd64 JRE (1.7.0_51-b13), built on Dec 18 2013 18:40:56 by "java_re" with unknown MS VC++:1600

time: Sat Oct 04 18:48:53 2014
elapsed time: 0 seconds

