#
# A fatal error has been detected by the Java Runtime Environment:
#
#  Internal Error (javaClasses.cpp:136), pid=41772, tid=39868
#  fatal error: Invalid layout of preloaded class
#
# JRE version:  (7.0_51-b13) (build )
# Java VM: Java HotSpot(TM) 64-Bit Server VM (24.51-b03 mixed mode windows-amd64 compressed oops)
# Failed to write core dump. Minidumps are not enabled by default on client versions of Windows
#
# If you would like to submit a bug report, please visit:
#   http://bugreport.sun.com/bugreport/crash.jsp
#

---------------  T H R E A D  ---------------

Current thread (0x000000000045e000):  JavaThread "Unknown thread" [_thread_in_vm, id=39868, stack(0x0000000002500000,0x0000000002600000)]

Stack: [0x0000000002500000,0x0000000002600000]

---------------  P R O C E S S  ---------------

Java Threads: ( => current thread )

Other Threads:

=>0x000000000045e000 (exited) JavaThread "Unknown thread" [_thread_in_vm, id=39868, stack(0x0000000002500000,0x0000000002600000)]

VM state:not at safepoint (not fully initialized)

VM Mutex/Monitor currently owned by a thread: None

GC Heap History (0 events):
No events

Deoptimization events (0 events):
No events

Internal exceptions (0 events):
No events

Events (10 events):
Event: 0.010 loading class 0x0000000001d1c890 done
Event: 0.010 loading class 0x0000000001d1c2b0 done
Event: 0.010 loading class 0x0000000001d1c290
Event: 0.010 loading class 0x0000000001d24390
Event: 0.010 loading class 0x0000000001d24390 done
Event: 0.010 loading class 0x0000000001d243c0
Event: 0.010 loading class 0x0000000001d243c0 done
Event: 0.010 loading class 0x0000000001d243f0
Event: 0.010 loading class 0x0000000001d243f0 done
Event: 0.011 loading class 0x0000000001d1c290 done


Dynamic libraries:
0x000000013f600000 - 0x000000013f633000 	D:\__JAVA__\jdk1.7.0_51\bin\javaw.exe
0x0000000077490000 - 0x0000000077639000 	C:\Windows\SYSTEM32\ntdll.dll
0x0000000077130000 - 0x000000007724f000 	C:\Windows\system32\kernel32.dll
0x000007fefd0b0000 - 0x000007fefd11c000 	C:\Windows\system32\KERNELBASE.dll
0x000007fefee90000 - 0x000007fefef6b000 	C:\Windows\system32\ADVAPI32.dll
0x000007feff700000 - 0x000007feff79f000 	C:\Windows\system32\msvcrt.dll
0x000007fefee70000 - 0x000007fefee8f000 	C:\Windows\SYSTEM32\sechost.dll
0x000007fefecc0000 - 0x000007fefeded000 	C:\Windows\system32\RPCRT4.dll
0x0000000077250000 - 0x000000007734a000 	C:\Windows\system32\USER32.dll
0x000007fefef70000 - 0x000007fefefd7000 	C:\Windows\system32\GDI32.dll
0x000007fefdc10000 - 0x000007fefdc1e000 	C:\Windows\system32\LPK.dll
0x000007feff0b0000 - 0x000007feff179000 	C:\Windows\system32\USP10.dll
0x000007fefbaf0000 - 0x000007fefbce4000 	C:\Windows\WinSxS\amd64_microsoft.windows.common-controls_6595b64144ccf1df_6.0.7601.17514_none_fa396087175ac9ac\COMCTL32.dll
0x000007fefedf0000 - 0x000007fefee61000 	C:\Windows\system32\SHLWAPI.dll
0x000007fefefe0000 - 0x000007feff00e000 	C:\Windows\system32\IMM32.DLL
0x000007feff570000 - 0x000007feff679000 	C:\Windows\system32\MSCTF.dll
0x0000000065d80000 - 0x0000000065e52000 	D:\__JAVA__\jdk1.7.0_51\jre\bin\msvcr100.dll
0x000000006cb20000 - 0x000000006d2e9000 	D:\__JAVA__\jdk1.7.0_51\jre\bin\server\jvm.dll
0x000007fefa8a0000 - 0x000007fefa8a9000 	C:\Windows\system32\WSOCK32.dll
0x000007fefd510000 - 0x000007fefd55d000 	C:\Windows\system32\WS2_32.dll
0x000007feff2e0000 - 0x000007feff2e8000 	C:\Windows\system32\NSI.dll
0x000007fefd340000 - 0x000007fefd37b000 	C:\Windows\system32\WINMM.dll
0x0000000077660000 - 0x0000000077667000 	C:\Windows\system32\PSAPI.DLL
0x0000000074270000 - 0x000000007427f000 	D:\__JAVA__\jdk1.7.0_51\jre\bin\verify.dll
0x0000000074240000 - 0x0000000074268000 	D:\__JAVA__\jdk1.7.0_51\jre\bin\java.dll
0x0000000074220000 - 0x0000000074235000 	D:\__JAVA__\jdk1.7.0_51\jre\bin\zip.dll

VM Arguments:
jvm_args: -Dfile.encoding=UTF-8 -Xbootclasspath:D:\__JAVA__\android-sdk-windows\platforms\android-17\android.jar 
java_command: cn.cjp.weibo.test.HttpUtilTest
Launcher Type: SUN_STANDARD

Environment Variables:
JAVA_HOME=D:\__JAVA__\jdk1.7.0_51
PATH=D:/__JAVA__/jdk1.7.0_51/bin/../jre/bin/server;D:/__JAVA__/jdk1.7.0_51/bin/../jre/bin;D:/__JAVA__/jdk1.7.0_51/bin/../jre/lib/amd64;D:\__JAVA__\android-sdk-windows\platform-tools;D:\__JAVA__\android-sdk-windows\tools;D:\__JAVA__\apache-tomcat-7.0.50/bin;D:\__JAVA__\apache-maven-3.2.1/bin;D:\__JAVA__\jdk1.7.0_51/bin;D:\__JAVA__\jdk1.7.0_51/jre/bin;D:\other\other\Sybase\PowerDynamo\win32;C:\Program Files (x86)\Microsoft ASP.NET\ASP.NET Web Pages\v1.0\;C:\Program Files (x86)\Windows Kits\8.0\Windows Performance Toolkit\;D:\other\other\mysql\MySQL Utilities 1.3.5\;D:\other\other\TortoiseSVN\bin;C:\Program Files\Microsoft\Web Platform Installer\;D:\other\other\Microsoft Visual Studio\Common\Tools\WinNT;D:\other\other\Microsoft Visual Studio\Common\MSDev98\Bin;D:\other\other\Microsoft Visual Studio\Common\Tools;D:\other\other\Microsoft Visual Studio\VC98\bin;D:\other\other\AppServ\Apache2.2\bin;D:\other\other\AppServ\php5;D:\other\other\AppServ\MySQL\bin;D:\other\other\eclipse;
USERNAME=REAL
OS=Windows_NT
PROCESSOR_IDENTIFIER=Intel64 Family 6 Model 42 Stepping 7, GenuineIntel



---------------  S Y S T E M  ---------------

OS: Windows 7 , 64 bit Build 7601 Service Pack 1

CPU:total 4 (2 cores per cpu, 2 threads per core) family 6 model 42 stepping 7, cmov, cx8, fxsr, mmx, sse, sse2, sse3, ssse3, sse4.1, sse4.2, popcnt, avx, ht, tsc, tscinvbit

Memory: 4k page, physical 6233968k(2173392k free), swap 12466072k(7990296k free)

vm_info: Java HotSpot(TM) 64-Bit Server VM (24.51-b03) for windows-amd64 JRE (1.7.0_51-b13), built on Dec 18 2013 18:40:56 by "java_re" with unknown MS VC++:1600

time: Sun Oct 05 21:01:11 2014
elapsed time: 0 seconds

